app/build/outputs/logs/manifest-merger-debug-report.txt
-- Merging decision tree log ---
manifest
ADDED from src\main\AndroidManifest.xml:1:1-124:12
	package
		ADDED from src\main\AndroidManifest.xml:2:5-33
		INJECTED from src\main\AndroidManifest.xml
		INJECTED from src\main\AndroidManifest.xml
	android:versionName
		ADDED from src\main\AndroidManifest.xml:4:5-30
		INJECTED from src\main\AndroidManifest.xml
		INJECTED from src\main\AndroidManifest.xml
	android:versionCode
		ADDED from src\main\AndroidManifest.xml:3:5-28
		INJECTED from src\main\AndroidManifest.xml
		INJECTED from src\main\AndroidManifest.xml
	xmlns:android
		ADDED from src\main\AndroidManifest.xml:1:11-69
uses-sdk
ADDED from src\main\AndroidManifest.xml:6:5-8:41
MERGED from [com.android.support:appcompat-v7:23.3.0] AndroidManifest.xml:21:5-23:78
MERGED from [com.android.support:support-vector-drawable:23.3.0] AndroidManifest.xml:5:5-43
MERGED from [com.android.support:support-v4:23.3.0] AndroidManifest.xml:20:5-43
MERGED from [com.android.support:animated-vector-drawable:23.3.0] AndroidManifest.xml:5:5-44
MERGED from [com.android.support:support-vector-drawable:23.3.0] AndroidManifest.xml:5:5-43
MERGED from [com.android.support:support-v4:23.3.0] AndroidManifest.xml:20:5-43
MERGED from [com.android.support:support-v4:23.3.0] AndroidManifest.xml:20:5-43
	tools:overrideLibrary
		ADDED from [com.android.support:appcompat-v7:23.3.0] AndroidManifest.xml:23:9-75
	android:targetSdkVersion
		ADDED from src\main\AndroidManifest.xml:8:9-38
		INJECTED from src\main\AndroidManifest.xml
		INJECTED from src\main\AndroidManifest.xml
	android:minSdkVersion
		ADDED from src\main\AndroidManifest.xml:7:9-35
		INJECTED from src\main\AndroidManifest.xml
		INJECTED from src\main\AndroidManifest.xml
uses-permission#android.permission.INTERNET
ADDED from src\main\AndroidManifest.xml:10:5-67
	android:name
		ADDED from src\main\AndroidManifest.xml:10:22-64
uses-permission#android.permission.ACCESS_NETWORK_STATE
ADDED from src\main\AndroidManifest.xml:11:5-79
	android:name
		ADDED from src\main\AndroidManifest.xml:11:22-76
uses-permission#android.permission.CAMERA
ADDED from src\main\AndroidManifest.xml:12:5-65
	android:name
		ADDED from src\main\AndroidManifest.xml:12:22-62
uses-permission#android.permission.RECORD_AUDIO
ADDED from src\main\AndroidManifest.xml:13:5-71
	android:name
		ADDED from src\main\AndroidManifest.xml:13:22-68
uses-permission#android.permission.WRITE_EXTERNAL_STORAGE
ADDED from src\main\AndroidManifest.xml:14:5-81
	android:name
		ADDED from src\main\AndroidManifest.xml:14:22-78
uses-permission#android.permission.RECEIVE_BOOT_COMPLETED
ADDED from src\main\AndroidManifest.xml:15:5-81
	android:name
		ADDED from src\main\AndroidManifest.xml:15:22-78
uses-permission#android.permission.BLUETOOTH_ADMIN
ADDED from src\main\AndroidManifest.xml:18:2-71
	android:name
		ADDED from src\main\AndroidManifest.xml:18:19-68
uses-permission#android.permission.BLUETOOTH
ADDED from src\main\AndroidManifest.xml:19:2-65
	android:name
		ADDED from src\main\AndroidManifest.xml:19:19-62
uses-feature#android.hardware.camera
ADDED from src\main\AndroidManifest.xml:22:5-60
	android:name
		ADDED from src\main\AndroidManifest.xml:22:19-57
uses-feature#android.hardware.camera.autofocus
ADDED from src\main\AndroidManifest.xml:23:5-70
	android:name
		ADDED from src\main\AndroidManifest.xml:23:19-67
uses-permission#android.permission.MODIFY_AUDIO_SETTINGS
ADDED from src\main\AndroidManifest.xml:26:5-80
	android:name
		ADDED from src\main\AndroidManifest.xml:26:22-77
uses-permission#android.permission.WAKE_LOCK
ADDED from src\main\AndroidManifest.xml:30:5-68
	android:name
		ADDED from src\main\AndroidManifest.xml:30:22-65
uses-permission#com.android.launcher.permission.INSTALL_SHORTCUT
ADDED from src\main\AndroidManifest.xml:32:5-88
	android:name
		ADDED from src\main\AndroidManifest.xml:32:22-85
uses-permission#com.android.launcher.permission.UNINSTALL_SHORTCUT
ADDED from src\main\AndroidManifest.xml:33:5-90
	android:name
		ADDED from src\main\AndroidManifest.xml:33:22-87
uses-permission#android.permission.GET_TASKS
ADDED from src\main\AndroidManifest.xml:34:5-68
	android:name
		ADDED from src\main\AndroidManifest.xml:34:22-65
uses-permission#android.permission.RESTART_PACKAGES
ADDED from src\main\AndroidManifest.xml:35:5-75
	android:name
		ADDED from src\main\AndroidManifest.xml:35:22-72
uses-permission#android.permission.ACCESS_COARSE_LOCATION
ADDED from src\main\AndroidManifest.xml:40:5-41:23
	android:name
		ADDED from src\main\AndroidManifest.xml:40:22-78
uses-permission#android.permission.ACCESS_FINE_LOCATION
ADDED from src\main\AndroidManifest.xml:43:5-44:23
	android:name
		ADDED from src\main\AndroidManifest.xml:43:22-76
uses-permission#android.permission.ACCESS_WIFI_STATE
ADDED from src\main\AndroidManifest.xml:49:5-50:23
	android:name
		ADDED from src\main\AndroidManifest.xml:49:22-73
uses-permission#android.permission.CHANGE_WIFI_STATE
ADDED from src\main\AndroidManifest.xml:52:5-53:23
	android:name
		ADDED from src\main\AndroidManifest.xml:52:22-73
uses-permission#android.permission.READ_PHONE_STATE
ADDED from src\main\AndroidManifest.xml:58:5-59:23
	android:name
		ADDED from src\main\AndroidManifest.xml:58:22-72
application
ADDED from src\main\AndroidManifest.xml:64:5-122:19
MERGED from [com.android.support:appcompat-v7:23.3.0] AndroidManifest.xml:25:5-20
MERGED from [com.android.support:support-vector-drawable:23.3.0] AndroidManifest.xml:7:5-20
MERGED from [com.android.support:support-v4:23.3.0] AndroidManifest.xml:22:5-20
MERGED from [com.android.support:animated-vector-drawable:23.3.0] AndroidManifest.xml:7:5-20
MERGED from [com.android.support:support-vector-drawable:23.3.0] AndroidManifest.xml:7:5-20
MERGED from [com.android.support:support-v4:23.3.0] AndroidManifest.xml:22:5-20
MERGED from [com.android.support:support-v4:23.3.0] AndroidManifest.xml:22:5-20
	android:label
		ADDED from src\main\AndroidManifest.xml:68:9-41
	android:allowBackup
		ADDED from src\main\AndroidManifest.xml:66:9-35
	android:icon
		ADDED from src\main\AndroidManifest.xml:67:9-45
	android:theme
		ADDED from src\main\AndroidManifest.xml:69:9-40
	android:name
		ADDED from src\main\AndroidManifest.xml:65:9-38
activity#com.cpsdna.careyes.WelcomeActivity
ADDED from src\main\AndroidManifest.xml:70:9-79:20
	android:launchMode
		ADDED from src\main\AndroidManifest.xml:73:13-48
	android:configChanges
		ADDED from src\main\AndroidManifest.xml:72:13-83
	android:name
		ADDED from src\main\AndroidManifest.xml:71:13-44
intent-filter#android.intent.action.MAIN+android.intent.category.LAUNCHER
ADDED from src\main\AndroidManifest.xml:74:13-78:29
action#android.intent.action.MAIN
ADDED from src\main\AndroidManifest.xml:75:17-69
	android:name
		ADDED from src\main\AndroidManifest.xml:75:25-66
category#android.intent.category.LAUNCHER
ADDED from src\main\AndroidManifest.xml:77:17-77
	android:name
		ADDED from src\main\AndroidManifest.xml:77:27-74
service#com.cpsdna.careyes.ControlService
ADDED from src\main\AndroidManifest.xml:81:9-84:19
	android:process
		ADDED from src\main\AndroidManifest.xml:83:13-42
	android:name
		ADDED from src\main\AndroidManifest.xml:82:13-43
service#com.cpsdna.careyes.DaemonService
ADDED from src\main\AndroidManifest.xml:85:9-88:19
	android:process
		ADDED from src\main\AndroidManifest.xml:87:13-38
	android:name
		ADDED from src\main\AndroidManifest.xml:86:13-42
receiver#com.cpsdna.careyes.Bootstrap
ADDED from src\main\AndroidManifest.xml:90:9-107:20
	android:process
		ADDED from src\main\AndroidManifest.xml:90:45-70
	android:name
		ADDED from src\main\AndroidManifest.xml:90:19-44
intent-filter#android.intent.action.BOOT_COMPLETED
ADDED from src\main\AndroidManifest.xml:91:13-93:29
action#android.intent.action.BOOT_COMPLETED
ADDED from src\main\AndroidManifest.xml:92:17-79
	android:name
		ADDED from src\main\AndroidManifest.xml:92:25-76
intent-filter#android.net.conn.CONNECTIVITY_CHANGE
ADDED from src\main\AndroidManifest.xml:94:13-96:29
action#android.net.conn.CONNECTIVITY_CHANGE
ADDED from src\main\AndroidManifest.xml:95:17-79
	android:name
		ADDED from src\main\AndroidManifest.xml:95:25-76
intent-filter#android.intent.action.PACKAGE_REMOVED
ADDED from src\main\AndroidManifest.xml:97:13-100:29
action#android.intent.action.PACKAGE_REMOVED
ADDED from src\main\AndroidManifest.xml:98:17-80
	android:name
		ADDED from src\main\AndroidManifest.xml:98:25-77
data
ADDED from src\main\AndroidManifest.xml:99:17-50
	android:scheme
		ADDED from src\main\AndroidManifest.xml:99:23-47
intent-filter#com.cayboy.action.ACC_POWER_ON
ADDED from src\main\AndroidManifest.xml:101:13-103:29
action#com.cayboy.action.ACC_POWER_ON
ADDED from src\main\AndroidManifest.xml:102:17-73
	android:name
		ADDED from src\main\AndroidManifest.xml:102:25-70
intent-filter#com.cayboy.action.ACC_POWER_OFF
ADDED from src\main\AndroidManifest.xml:104:13-106:29
action#com.cayboy.action.ACC_POWER_OFF
ADDED from src\main\AndroidManifest.xml:105:17-74
	android:name
		ADDED from src\main\AndroidManifest.xml:105:25-71
service#com.amap.api.location.APSService
ADDED from src\main\AndroidManifest.xml:110:9-111:19
	android:name
		ADDED from src\main\AndroidManifest.xml:110:18-65
meta-data#com.amap.api.v2.apikey
ADDED from src\main\AndroidManifest.xml:114:9-117:21
	android:value
		ADDED from src\main\AndroidManifest.xml:116:13-61
	android:name
		ADDED from src\main\AndroidManifest.xml:115:13-50
service#com.mmwiki.sipua.SipUaService
ADDED from src\main\AndroidManifest.xml:120:9-65
	android:name
		ADDED from src\main\AndroidManifest.xml:120:18-62
service#com.sly.vdrsdk.MonetService
ADDED from src\main\AndroidManifest.xml:121:9-63
	android:name
		ADDED from src\main\AndroidManifest.xml:121:18-60